<?xml version="1.0" encoding="UTF-8"?>
<!-- Generated by org.testng.reporters.JUnitXMLReporter -->
<testsuite ignored="0" hostname="QSP" failures="0" tests="4" name="Default test" time="56.714" errors="0" timestamp="2022-08-24T08:38:20 IST">
  <testcase classname="com.EducationalDomain.Scripts.Testcase2" name="tc2" time="7.797"/>
  <testcase classname="com.EducationalDomain.Scripts.Testcase2" name="tc2" time="7.405"/>
  <testcase classname="com.EducationalDomain.Scripts.Testcase2" name="tc2" time="8.109"/>
  <testcase classname="com.EducationalDomain.Scripts.Testcase2" name="tc2" time="8.116"/>
</testsuite> <!-- Default test -->
